{"/Users/yongbchen/git/jest-demo/CheckboxWithLabel.js": {"path":"/Users/yongbchen/git/jest-demo/CheckboxWithLabel.js","statementMap":{"0":{"start":{"line":10,"column":4},"end":{"line":10,"column":17}},"1":{"start":{"line":11,"column":4},"end":{"line":11,"column":36}},"2":{"start":{"line":15,"column":4},"end":{"line":15,"column":45}},"3":{"start":{"line":19,"column":4},"end":{"line":19,"column":54}},"4":{"start":{"line":23,"column":4},"end":{"line":32,"column":6}}},"fnMap":{"0":{"name":"(anonymous_0)","decl":{"start":{"line":9,"column":2},"end":{"line":9,"column":3}},"loc":{"start":{"line":9,"column":21},"end":{"line":16,"column":3}},"line":9},"1":{"name":"(anonymous_1)","decl":{"start":{"line":18,"column":2},"end":{"line":18,"column":3}},"loc":{"start":{"line":18,"column":13},"end":{"line":20,"column":3}},"line":18},"2":{"name":"(anonymous_2)","decl":{"start":{"line":22,"column":2},"end":{"line":22,"column":3}},"loc":{"start":{"line":22,"column":11},"end":{"line":33,"column":3}},"line":22}},"branchMap":{"0":{"loc":{"start":{"line":30,"column":9},"end":{"line":30,"column":72}},"type":"cond-expr","locations":[{"start":{"line":30,"column":32},"end":{"line":30,"column":50}},{"start":{"line":30,"column":53},"end":{"line":30,"column":72}}],"line":30}},"s":{"0":2,"1":2,"2":2,"3":1,"4":3},"f":{"0":2,"1":1,"2":3},"b":{"0":[1,2]},"_coverageSchema":"1a1c01bbd47fc00a2c39e90264f33305004495a9","hash":"69f73261f01bd0d13602fb85e261797df5578cd7"}
,"/Users/yongbchen/git/jest-demo/fetchData.js": {"path":"/Users/yongbchen/git/jest-demo/fetchData.js","statementMap":{"0":{"start":{"line":3,"column":19},"end":{"line":3,"column":50}},"1":{"start":{"line":5,"column":25},"end":{"line":9,"column":1}},"2":{"start":{"line":6,"column":14},"end":{"line":6,"column":44}},"3":{"start":{"line":8,"column":2},"end":{"line":8,"column":30}},"4":{"start":{"line":11,"column":0},"end":{"line":11,"column":19}}},"fnMap":{"0":{"name":"(anonymous_0)","decl":{"start":{"line":5,"column":25},"end":{"line":5,"column":26}},"loc":{"start":{"line":5,"column":40},"end":{"line":9,"column":1}},"line":5}},"branchMap":{},"s":{"0":1,"1":1,"2":3,"3":3,"4":1},"f":{"0":3},"b":{},"_coverageSchema":"1a1c01bbd47fc00a2c39e90264f33305004495a9","hash":"c30861aecb04b7fcbe7b10fa7a1f82a71c139b3f"}
,"/Users/yongbchen/git/jest-demo/sum.js": {"path":"/Users/yongbchen/git/jest-demo/sum.js","statementMap":{"0":{"start":{"line":2,"column":1},"end":{"line":2,"column":14}},"1":{"start":{"line":5,"column":0},"end":{"line":5,"column":21}}},"fnMap":{"0":{"name":"sum","decl":{"start":{"line":1,"column":9},"end":{"line":1,"column":12}},"loc":{"start":{"line":1,"column":20},"end":{"line":3,"column":1}},"line":1}},"branchMap":{},"s":{"0":1,"1":1},"f":{"0":1},"b":{},"_coverageSchema":"1a1c01bbd47fc00a2c39e90264f33305004495a9","hash":"d0a696f03e3b5de984421e72731a1633387e77f8"}
,"/Users/yongbchen/git/jest-demo/users.js": {"path":"/Users/yongbchen/git/jest-demo/users.js","statementMap":{"0":{"start":{"line":6,"column":4},"end":{"line":6,"column":60}},"1":{"start":{"line":6,"column":49},"end":{"line":6,"column":58}}},"fnMap":{"0":{"name":"(anonymous_0)","decl":{"start":{"line":5,"column":2},"end":{"line":5,"column":3}},"loc":{"start":{"line":5,"column":15},"end":{"line":7,"column":3}},"line":5},"1":{"name":"(anonymous_1)","decl":{"start":{"line":6,"column":41},"end":{"line":6,"column":42}},"loc":{"start":{"line":6,"column":49},"end":{"line":6,"column":58}},"line":6}},"branchMap":{},"s":{"0":1,"1":1},"f":{"0":1,"1":1},"b":{},"_coverageSchema":"1a1c01bbd47fc00a2c39e90264f33305004495a9","hash":"2f63c01fb11041873f58684233059e466c0f0e4b"}
,"/Users/yongbchen/git/jest-demo/tests/listing.js": {"path":"/Users/yongbchen/git/jest-demo/tests/listing.js","statementMap":{"0":{"start":{"line":2,"column":1},"end":{"line":2,"column":14}},"1":{"start":{"line":5,"column":0},"end":{"line":5,"column":24}}},"fnMap":{"0":{"name":"reduce","decl":{"start":{"line":1,"column":9},"end":{"line":1,"column":15}},"loc":{"start":{"line":1,"column":22},"end":{"line":3,"column":1}},"line":1}},"branchMap":{},"s":{"0":1,"1":1},"f":{"0":1},"b":{},"_coverageSchema":"1a1c01bbd47fc00a2c39e90264f33305004495a9","hash":"20e160cdef126169eadf62efc31c66e8f67fd2e5"}
}
